<?xml version="1.0" encoding="UTF-8"?>
<!-- Generated by org.testng.reporters.JUnitReportReporter -->
<testsuite hostname="LAPTOP-0C4G09Q6" failures="1" tests="1" name="RunnerClass.runner" time="39.396" errors="0" timestamp="08 Nov 2023 16:31:58 GMT" skipped="0">
  <testcase classname="RunnerClass.runner" name="runScenario" time="39.396">
    <failure message="expected:&lt;Cogmento CR[M]&gt; but was:&lt;Cogmento CR[]&gt;" type="org.junit.ComparisonFailure">
      <![CDATA[org.junit.ComparisonFailure: expected:<Cogmento CR[M]> but was:<Cogmento CR[]>
at org.junit.Assert.assertEquals(Assert.java:117)
at org.junit.Assert.assertEquals(Assert.java:146)
at StepDefinations.Login.check_more_outcomes(Login.java:103)
at ✽.the title will be "Cogmento CR"(file:///C:/Users/UIPL/eclipse-workspace_Practice/CucumberPractice/./src/test/resourses/FetaureFiles/Login.feature:28)
]]>
    </failure>
  </testcase> <!-- runScenario -->
</testsuite> <!-- RunnerClass.runner -->
