<?xml version="1.0" encoding="UTF-8"?>
<testng-results ignored="0" total="1" passed="0" failed="1" skipped="0">
  <reporter-output>
  </reporter-output>
  <suite started-at="2023-11-08T16:31:17Z" name="Default suite" finished-at="2023-11-08T16:31:58Z" duration-ms="41549">
    <groups>
      <group name="cucumber">
        <method signature="AbstractTestNGCucumberTests.runScenario(io.cucumber.testng.PickleWrapper, io.cucumber.testng.FeatureWrapper)[pri:0, instance:RunnerClass.runner@7ae42ce3]" name="runScenario" class="io.cucumber.testng.AbstractTestNGCucumberTests"/>
      </group> <!-- cucumber -->
    </groups>
    <test started-at="2023-11-08T16:31:17Z" name="Default test" finished-at="2023-11-08T16:31:58Z" duration-ms="41549">
      <class name="RunnerClass.runner">
        <test-method is-config="true" signature="setUpClass()[pri:0, instance:RunnerClass.runner@7ae42ce3]" started-at="2023-11-08T16:31:17Z" name="setUpClass" finished-at="2023-11-08T16:31:17Z" duration-ms="478" status="PASS">
          <reporter-output>
          </reporter-output>
        </test-method> <!-- setUpClass -->
        <test-method signature="runScenario(io.cucumber.testng.PickleWrapper, io.cucumber.testng.FeatureWrapper)[pri:0, instance:RunnerClass.runner@7ae42ce3]" started-at="2023-11-08T16:31:17Z" name="runScenario" description="Runs Cucumber Scenarios" data-provider="scenarios" finished-at="2023-11-08T16:31:57Z" duration-ms="39396" status="FAIL">
          <params>
            <param index="0">
              <value>
                <![CDATA["Title of your scenario"]]>
              </value>
            </param>
            <param index="1">
              <value>
                <![CDATA["Optional[Title of your feature]"]]>
              </value>
            </param>
          </params>
          <exception class="org.junit.ComparisonFailure">
            <message>
              <![CDATA[expected:<Cogmento CR[M]> but was:<Cogmento CR[]>]]>
            </message>
            <full-stacktrace>
              <![CDATA[org.junit.ComparisonFailure: expected:<Cogmento CR[M]> but was:<Cogmento CR[]>
at org.junit.Assert.assertEquals(Assert.java:117)
at org.junit.Assert.assertEquals(Assert.java:146)
at StepDefinations.Login.check_more_outcomes(Login.java:103)
at ✽.the title will be "Cogmento CR"(file:///C:/Users/UIPL/eclipse-workspace_Practice/CucumberPractice/./src/test/resourses/FetaureFiles/Login.feature:28)
]]>
            </full-stacktrace>
          </exception> <!-- org.junit.ComparisonFailure -->
          <reporter-output>
          </reporter-output>
        </test-method> <!-- runScenario -->
        <test-method is-config="true" signature="tearDownClass()[pri:0, instance:RunnerClass.runner@7ae42ce3]" started-at="2023-11-08T16:31:57Z" name="tearDownClass" finished-at="2023-11-08T16:31:58Z" duration-ms="1651" status="PASS">
          <reporter-output>
          </reporter-output>
        </test-method> <!-- tearDownClass -->
      </class> <!-- RunnerClass.runner -->
    </test> <!-- Default test -->
  </suite> <!-- Default suite -->
</testng-results>
