<?xml version="1.0" encoding="UTF-8"?>
<!-- Generated by org.testng.reporters.JUnitXMLReporter -->
<testsuite ignored="0" hostname="LAPTOP-0C4G09Q6" failures="1" tests="1" name="Default test" time="41.549" errors="0" timestamp="08 Nov 2023 16:31:58 GMT">
  <testcase classname="io.cucumber.testng.AbstractTestNGCucumberTests" name="runScenario" time="39.396">
    <failure type="org.junit.ComparisonFailure" message="expected:&amp;lt;Cogmento CR[M]&amp;gt; but was:&amp;lt;Cogmento CR[]&amp;gt;">
      <![CDATA[org.junit.ComparisonFailure: expected:<Cogmento CR[M]> but was:<Cogmento CR[]>
at org.junit.Assert.assertEquals(Assert.java:117)
at org.junit.Assert.assertEquals(Assert.java:146)
at StepDefinations.Login.check_more_outcomes(Login.java:103)
at ✽.the title will be "Cogmento CR"(file:///C:/Users/UIPL/eclipse-workspace_Practice/CucumberPractice/./src/test/resourses/FetaureFiles/Login.feature:28)
]]>
    </failure>
  </testcase> <!-- runScenario -->
</testsuite> <!-- Default test -->
